{"name": "Creating the new account", "status": "failed", "statusDetails": {"message": "AssertionError: Expected text: \"Account and Contact Information\", but got \"Email address already in use\".\n", "trace": "  File \"c:\\users\\rapid\\appdata\\local\\programs\\python\\python38-32\\lib\\site-packages\\behave\\model.py\", line 1329, in run\n    match.run(runner.context)\n  File \"c:\\users\\rapid\\appdata\\local\\programs\\python\\python38-32\\lib\\site-packages\\behave\\matchers.py\", line 98, in run\n    self.func(context, *args, **kwargs)\n  File \"features\\steps\\create_login_03_07_2020.py\", line 120, in vrf_text_is_hr\n    context.app.create_login.vrf_text_is_hr(text)\n  File \"C:\\Everything\\My_docs\\Self_development\\IT\\Testing\\Automation_08_09_2019\\allivet_dt_03_05_2020\\pages\\create_login.py\", line 113, in vrf_text_is_hr\n    self.verify_text(text, *self.TEXT_FIELD)\n  File \"C:\\Everything\\My_docs\\Self_development\\IT\\Testing\\Automation_08_09_2019\\allivet_dt_03_05_2020\\pages\\base_page.py\", line 38, in verify_text\n    assert expected_text in actual_text, f'Expected text: \"{expected_text}\", but got \"{actual_text}\".'\n"}, "steps": [{"name": "Given Loginpage", "status": "passed", "start": 1584145213874, "stop": 1584145216769}, {"name": "Then Click MY ACCOUNT button", "status": "passed", "start": 1584145216770, "stop": 1584145216885}, {"name": "Then Click Sign In button", "status": "passed", "start": 1584145216886, "stop": 1584145219850}, {"name": "Then Click on Create an account tab", "status": "passed", "start": 1584145219850, "stop": 1584145221484}, {"name": "Then Input First Name FirstName", "status": "passed", "start": 1584145221484, "stop": 1584145221851}, {"name": "Then Input Last Name LastName", "status": "passed", "start": 1584145221851, "stop": 1584145221999}, {"name": "Then Input Telephone 4074354433", "status": "passed", "start": 1584145221999, "stop": 1584145222189}, {"name": "Then Input Mobile 4074354433", "status": "passed", "start": 1584145222189, "stop": 1584145222364}, {"name": "Then Input Account Name FirstName LastName", "status": "passed", "start": 1584145222365, "stop": 1584145222648}, {"name": "Then Input Email Address sanoy2006!d@rambler.ru", "status": "passed", "start": 1584145222649, "stop": 1584145222951}, {"name": "Then Input Password Password_Test", "status": "passed", "start": 1584145222951, "stop": 1584145223211}, {"name": "Then Confirm Password Password_Test", "status": "passed", "start": 1584145223211, "stop": 1584145223403}, {"name": "Then Input Address 6058 SW 18TH ST APT 4", "status": "passed", "start": 1584145223403, "stop": 1584145223761}, {"name": "Then Choose Country United States of America", "status": "passed", "start": 1584145223761, "stop": 1584145223779}, {"name": "Then Input Zipcode 33023", "status": "passed", "start": 1584145223780, "stop": 1584145223959}, {"name": "Then Choose State/Sity Fl, Hollywood", "status": "passed", "start": 1584145223960, "stop": 1584145223976}, {"name": "Then Click on Create Account button", "status": "passed", "start": 1584145223976, "stop": 1584145232426}, {"name": "Then Verify that text is here: Account and Contact Information", "status": "failed", "statusDetails": {"message": "AssertionError: Expected text: \"Account and Contact Information\", but got \"Email address already in use\".\n", "trace": "  File \"c:\\users\\rapid\\appdata\\local\\programs\\python\\python38-32\\lib\\site-packages\\behave\\model.py\", line 1329, in run\n    match.run(runner.context)\n  File \"c:\\users\\rapid\\appdata\\local\\programs\\python\\python38-32\\lib\\site-packages\\behave\\matchers.py\", line 98, in run\n    self.func(context, *args, **kwargs)\n  File \"features\\steps\\create_login_03_07_2020.py\", line 120, in vrf_text_is_hr\n    context.app.create_login.vrf_text_is_hr(text)\n  File \"C:\\Everything\\My_docs\\Self_development\\IT\\Testing\\Automation_08_09_2019\\allivet_dt_03_05_2020\\pages\\create_login.py\", line 113, in vrf_text_is_hr\n    self.verify_text(text, *self.TEXT_FIELD)\n  File \"C:\\Everything\\My_docs\\Self_development\\IT\\Testing\\Automation_08_09_2019\\allivet_dt_03_05_2020\\pages\\base_page.py\", line 38, in verify_text\n    assert expected_text in actual_text, f'Expected text: \"{expected_text}\", but got \"{actual_text}\".'\n"}, "start": 1584145232427, "stop": 1584145232450}], "start": 1584145204682, "stop": 1584145234811, "uuid": "370e8cf5-3882-49da-a58a-e786c7ff7173", "historyId": "5394734a3976682169dc14a7cf1e47d7", "labels": [{"name": "severity", "value": "normal"}, {"name": "feature", "value": "Creation of a new account"}, {"name": "framework", "value": "behave"}, {"name": "language", "value": "cpython3"}]}